<?xml version="1.0" encoding="UTF-8"?>
<!-- Generated by org.testng.reporters.JUnitReportReporter -->
<testsuite hostname="DESKTOP-05M6JRU" failures="0" tests="1" name="org.dataprovider_parameter.DataproviderIntergrationEx" time="0.002" errors="0" timestamp="2025-01-06T13:00:54 IST" skipped="0">
  <testcase classname="org.dataprovider_parameter.DataproviderIntergrationEx" name="integrationTest" time="0.002"/>
  <system-out/>
</testsuite> <!-- org.dataprovider_parameter.DataproviderIntergrationEx -->
