<?xml version="1.0" encoding="UTF-8"?>
<!-- Generated by org.testng.reporters.JUnitReportReporter -->
<testsuite hostname="DESKTOP-05M6JRU" failures="0" tests="2" name="org.dataprovider.DataProvid" time="17.578" errors="0" timestamp="2025-01-05T22:27:33 IST" skipped="0">
  <testcase classname="org.dataprovider.DataProvid" name="Login" time="11.035"/>
  <system-out/>
  <testcase classname="org.dataprovider.DataProvid" name="Login" time="6.543"/>
  <system-out/>
</testsuite> <!-- org.dataprovider.DataProvid -->
