<?xml version="1.0" encoding="UTF-8"?>
<!-- Generated by org.testng.reporters.JUnitReportReporter -->
<testsuite hostname="DESKTOP-05M6JRU" failures="0" tests="3" name="org.dataprovider_parameter.DataProviderParameterEx" time="0.006" errors="0" timestamp="2025-01-06T13:00:54 IST" skipped="0">
  <testcase classname="org.dataprovider_parameter.DataProviderParameterEx" name="commonScenario" time="0.002"/>
  <system-out/>
  <testcase classname="org.dataprovider_parameter.DataProviderParameterEx" name="scenario1" time="0.002"/>
  <system-out/>
  <testcase classname="org.dataprovider_parameter.DataProviderParameterEx" name="scenario2" time="0.002"/>
  <system-out/>
</testsuite> <!-- org.dataprovider_parameter.DataProviderParameterEx -->
