<?xml version="1.0" encoding="UTF-8"?>
<!-- Generated by org.testng.reporters.JUnitReportReporter -->
<testsuite hostname="DESKTOP-05M6JRU" failures="0" tests="2" name="org.dataprovider.DataProvid" time="10.282" errors="0" timestamp="2025-01-05T23:00:34 IST" skipped="0">
  <testcase classname="org.dataprovider.DataProvid" name="Login" time="4.731"/>
  <system-out/>
  <testcase classname="org.dataprovider.DataProvid" name="Login" time="5.551"/>
  <system-out/>
</testsuite> <!-- org.dataprovider.DataProvid -->
